[2023-02-13T21:11:19.771] [ERROR] prod - Error: productos validation failed: stock: Path `stock` is required., code: Path `code` is required., description: Path `description` is required.
    at ValidationError.inspect (D:\Backup Total\Coderhouse\Curso de Programacion Backend\Desafios\Proyecto Final\node_modules\mongoose\lib\error\validation.js:50:26)
    at formatValue (node:internal/util/inspect:806:19)
    at inspect (node:internal/util/inspect:365:10)
    at formatWithOptionsInternal (node:internal/util/inspect:2273:40)
    at Object.format (node:internal/util/inspect:2130:10)
    at basicLayout (D:\Backup Total\Coderhouse\Curso de Programacion Backend\Desafios\Proyecto Final\node_modules\log4js\lib\layouts.js:65:52)
    at app (D:\Backup Total\Coderhouse\Curso de Programacion Backend\Desafios\Proyecto Final\node_modules\log4js\lib\appenders\file.js:98:23)
    at D:\Backup Total\Coderhouse\Curso de Programacion Backend\Desafios\Proyecto Final\node_modules\log4js\lib\appenders\logLevelFilter.js:10:7
    at D:\Backup Total\Coderhouse\Curso de Programacion Backend\Desafios\Proyecto Final\node_modules\log4js\lib\log4js.js:43:5
    at Array.forEach (<anonymous>) {
  errors: {
    stock: ValidatorError: Path `stock` is required.
        at validate (D:\Backup Total\Coderhouse\Curso de Programacion Backend\Desafios\Proyecto Final\node_modules\mongoose\lib\schematype.js:1346:13)
        at SchemaType.doValidate (D:\Backup Total\Coderhouse\Curso de Programacion Backend\Desafios\Proyecto Final\node_modules\mongoose\lib\schematype.js:1330:7)
        at D:\Backup Total\Coderhouse\Curso de Programacion Backend\Desafios\Proyecto Final\node_modules\mongoose\lib\document.js:2877:18
        at process.processTicksAndRejections (node:internal/process/task_queues:77:11) {
      properties: [Object],
      kind: 'required',
      path: 'stock',
      value: undefined,
      reason: undefined,
      [Symbol(mongoose:validatorError)]: true
    },
    code: ValidatorError: Path `code` is required.
        at validate (D:\Backup Total\Coderhouse\Curso de Programacion Backend\Desafios\Proyecto Final\node_modules\mongoose\lib\schematype.js:1346:13)
        at SchemaType.doValidate (D:\Backup Total\Coderhouse\Curso de Programacion Backend\Desafios\Proyecto Final\node_modules\mongoose\lib\schematype.js:1330:7)
        at D:\Backup Total\Coderhouse\Curso de Programacion Backend\Desafios\Proyecto Final\node_modules\mongoose\lib\document.js:2877:18
        at process.processTicksAndRejections (node:internal/process/task_queues:77:11) {
      properties: [Object],
      kind: 'required',
      path: 'code',
      value: undefined,
      reason: undefined,
      [Symbol(mongoose:validatorError)]: true
    },
    description: ValidatorError: Path `description` is required.
        at validate (D:\Backup Total\Coderhouse\Curso de Programacion Backend\Desafios\Proyecto Final\node_modules\mongoose\lib\schematype.js:1346:13)
        at SchemaType.doValidate (D:\Backup Total\Coderhouse\Curso de Programacion Backend\Desafios\Proyecto Final\node_modules\mongoose\lib\schematype.js:1330:7)
        at D:\Backup Total\Coderhouse\Curso de Programacion Backend\Desafios\Proyecto Final\node_modules\mongoose\lib\document.js:2877:18
        at process.processTicksAndRejections (node:internal/process/task_queues:77:11) {
      properties: [Object],
      kind: 'required',
      path: 'description',
      value: undefined,
      reason: undefined,
      [Symbol(mongoose:validatorError)]: true
    }
  },
  _message: 'productos validation failed'
}
